{"total": {"lines":{"total":174,"covered":168,"skipped":0,"pct":96.55},"statements":{"total":198,"covered":186,"skipped":0,"pct":93.93},"functions":{"total":44,"covered":42,"skipped":0,"pct":95.45},"branches":{"total":95,"covered":82,"skipped":0,"pct":86.31},"branchesTrue":{"total":0,"covered":0,"skipped":0,"pct":100}}
,"/home/claude/work/entrega/dona-mas/src/auth/auth.controller.js": {"lines":{"total":18,"covered":18,"skipped":0,"pct":100},"functions":{"total":3,"covered":3,"skipped":0,"pct":100},"statements":{"total":18,"covered":18,"skipped":0,"pct":100},"branches":{"total":2,"covered":2,"skipped":0,"pct":100}}
,"/home/claude/work/entrega/dona-mas/src/auth/auth.middleware.js": {"lines":{"total":19,"covered":17,"skipped":0,"pct":89.47},"functions":{"total":3,"covered":3,"skipped":0,"pct":100},"statements":{"total":19,"covered":17,"skipped":0,"pct":89.47},"branches":{"total":10,"covered":8,"skipped":0,"pct":80}}
,"/home/claude/work/entrega/dona-mas/src/auth/auth.service.js": {"lines":{"total":43,"covered":41,"skipped":0,"pct":95.34},"functions":{"total":9,"covered":8,"skipped":0,"pct":88.88},"statements":{"total":46,"covered":43,"skipped":0,"pct":93.47},"branches":{"total":30,"covered":28,"skipped":0,"pct":93.33}}
,"/home/claude/work/entrega/dona-mas/src/donations/donations.controller.js": {"lines":{"total":29,"covered":29,"skipped":0,"pct":100},"functions":{"total":5,"covered":5,"skipped":0,"pct":100},"statements":{"total":30,"covered":30,"skipped":0,"pct":100},"branches":{"total":8,"covered":6,"skipped":0,"pct":75}}
,"/home/claude/work/entrega/dona-mas/src/donations/donations.service.js": {"lines":{"total":32,"covered":31,"skipped":0,"pct":96.87},"functions":{"total":11,"covered":10,"skipped":0,"pct":90.9},"statements":{"total":44,"covered":38,"skipped":0,"pct":86.36},"branches":{"total":36,"covered":29,"skipped":0,"pct":80.55}}
,"/home/claude/work/entrega/dona-mas/src/reports/reports.controller.js": {"lines":{"total":16,"covered":15,"skipped":0,"pct":93.75},"functions":{"total":2,"covered":2,"skipped":0,"pct":100},"statements":{"total":16,"covered":15,"skipped":0,"pct":93.75},"branches":{"total":4,"covered":4,"skipped":0,"pct":100}}
,"/home/claude/work/entrega/dona-mas/src/reports/reports.service.js": {"lines":{"total":17,"covered":17,"skipped":0,"pct":100},"functions":{"total":11,"covered":11,"skipped":0,"pct":100},"statements":{"total":25,"covered":25,"skipped":0,"pct":100},"branches":{"total":5,"covered":5,"skipped":0,"pct":100}}
}
